(THU.CST) os is loading ...

Special kernel symbols:
  entry  0x00100000 (phys)
  etext  0x0010345d (phys)
  edata  0x0010ea16 (phys)
  end    0x0010fd20 (phys)
Kernel executable memory footprint: 64KB
ebp:0x00007b28 eip:0x00100a63 args:0x00010094 0x00010094 0x00007b58 0x00100092 
    kern/debug/kdebug.c:306: print_stackframe+21
ebp:0x00007b38 eip:0x00100092 args:0x00000000 0x00000000 0x00000000 0x00007ba8 
    kern/init/init.c:48: grade_backtrace2+33
ebp:0x00007b58 eip:0x001000bc args:0x00000000 0x00007b80 0xffff0000 0x00007b84 
    kern/init/init.c:53: grade_backtrace1+38
ebp:0x00007b78 eip:0x001000db args:0x00000000 0xffff0000 0x00007ba4 0x00000029 
    kern/init/init.c:58: grade_backtrace0+23
ebp:0x00007b98 eip:0x00100101 args:0x00000000 0x00100000 0xffff0000 0x0000001d 
    kern/init/init.c:63: grade_backtrace+34
ebp:0x00007bb8 eip:0x00100055 args:0x0010347c 0x00103460 0x0000130a 0x00000000 
    kern/init/init.c:28: kern_init+84
ebp:0x00007be8 eip:0x00007d72 args:0x00000000 0x00000000 0x00000000 0x00007c4f 
    <unknow>: -- 0x00007d71 --
ebp:0x00007bf8 eip:0x00007c4f args:0xc031fcfa 0xc08ed88e 0x64e4d08e 0xfa7502a8 
    <unknow>: -- 0x00007c4e --
++ setup timer interrupts
100 ticks
End of Test.
kernel panic at kern/trap/trap.c:18:
    EOT: kernel seems ok.
stack trackback:
ebp:0x00007ad0 eip:0x00100a63 args:0x00103528 0x00007b14 0x00000012 0x00007b4c 
    kern/debug/kdebug.c:306: print_stackframe+21
ebp:0x00007b00 eip:0x00101831 args:0x001037ee 0x00000012 0x001037d8 0x00000008 
    kern/trap/trap.c:0: print_ticks+65
ebp:0x00007b20 eip:0x00101cae args:0x00007b58 0x00100257 0x00100208 0x00007b4c 
    kern/trap/trap.c:158: trap_dispatch+89
ebp:0x00007b50 eip:0x00101d72 args:0x00007b7c 0x0010027a 0x00103772 0x00007b94 
    kern/trap/trap.c:196: trap+16
ebp:0x00007b70 eip:0x001027fd args:0x00007b7c 0x00000000 0x00010094 0x00007be8 
    kern/trap/trapentry.S:24: <unknown>+0
ebp:0x00007be8 eip:0x00007d72 args:0x00000000 0x00000000 0x00000000 0x00007c4f 
    <unknow>: -- 0x00007d71 --
ebp:0x00007bf8 eip:0x00007c4f args:0xc031fcfa 0xc08ed88e 0x64e4d08e 0xfa7502a8 
    <unknow>: -- 0x00007c4e --
Welcome to the kernel debug monitor!!
Type 'help' for a list of commands.
K> 